#
# There is insufficient memory for the Java Runtime Environment to continue.
# Native memory allocation (malloc) failed to allocate 41376 bytes for Chunk::new
# Possible reasons:
#   The system is out of physical RAM or swap space
#   The process is running with CompressedOops enabled, and the Java Heap may be blocking the growth of the native heap
# Possible solutions:
#   Reduce memory load on the system
#   Increase physical memory or swap space
#   Check if swap backing store is full
#   Decrease Java heap size (-Xmx/-Xms)
#   Decrease number of Java threads
#
#  
]Thread 0x0000020386c844c0 Exception <a 'java/lang/NullPointerException'{0x0000000086591680}> (0x0000000086591680) 
thrown [t:\workspace\open\src\hotspot\share\runtime\sharedRuntime.cpp, line 624]
Event: 123.008 Thread 0x0000020386c844c0 Implicit null exception at 0x00000203ecd3b595 to 0x00000203ecd3bb1b
Event: 123.008 Thread 0x0000020386c844c0 Exception <a 'java/lang/NullPointerException'{0x0000000086592c18}> (0x0000000086592c18) 
thrown [t:\workspace\open\src\hotspot\share\runtime\sharedRuntime.cpp, line 624]
Event: 123.008 Thread 0x0000020386c844c0 Implicit null exception at 0x00000203ecd3b595 to 0x00000203ecd3bb1b
Event: 123.008 Thread 0x0000020386c844c0 Exception <a 'java/lang/NullPointerException'{0x0000000086593b70}> (0x0000000086593b70) 
thrown [t:\workspace\open\src\hotspot\share\runtime\sharedRuntime.cpp, line 624]
Event: 123.008 Thread 0x0000020386c844c0 Implicit null exception at 0x00000203ecd3b595 to 0x00000203ecd3bb1b
Event: 123.009 Thread 0x0000020386c844c0 Exception <a 'java/lang/NullPointerException'{0x0000000086595290}> (0x0000000086595290) 
thrown [t:\workspace\open\src\hotspot\share\runtime\sharedRuntime.cpp, line 624]
Event: 123.009 Thread 0x0000020386c844c0 Implicit null exception at 0x00000203ecd3b595 to 0x00000203ecd3bb1b
Event: 123.009 Thread 0x0000020386c844c0 Exception <a 'java/lang/NullPointerException'{0x0000000086596248}> (0x0000000086596248) 
thrown [t:\workspace\open\src\hotspot\share\runtime\sharedRuntime.cpp, line 624]
Event: 123.991 Thread 0x0000020386c844c0 Exception <a 'java/lang/ClassNotFoundException'{0x0000000085ba1800}: java/lang/ObjectCustomizer> (0x0000000085ba1800) 
thrown [t:\workspace\open\src\hotspot\share\classfile\systemDictionary.cpp, line 256]
Event: 123.993 Thread 0x0000020386c844c0 Exception <a 'java/lang/ClassNotFoundException'{0x0000000085bab5c0}: com/mkyong/entity/EmpCustomizer> (0x0000000085bab5c0) 
thrown [t:\workspace\open\src\hotspot\share\classfile\systemDictionary.cpp, line 256]

Events (20 events):
Event: 231.926 Executing  VM operation: Cleanup
Event: 231.926 Executing  VM operation: Cleanup done
Event: 330.967 Executing  VM operation: Cleanup
Event: 330.968 Executing  VM operation: Cleanup done
Event: 333.970 Executing  VM operation: Cleanup
Event: 333.970 Executing  VM operation: Cleanup done
Event: 347.976 Executing  VM operation: Cleanup
Event: 347.976 Executing  VM operation: Cleanup done
Event: 464.026 Executing  VM operation: Cleanup
Event: 464.026 Executing  VM operation: Cleanup done
Event: 544.056 Executing  VM operation: Cleanup
Event: 544.056 Executing  VM operation: Cleanup done
Event: 834.169 Executing  VM operation: Cleanup
Event: 834.169 Executing  VM operation: Cleanup done
Event: 1102.286 Executing  VM operation: Cleanup
Event: 1102.286 Executing  VM operation: Cleanup done
Event: 1104.286 Executing  VM operation: Cleanup
Event: 1104.287 Executing  VM operation: Cleanup done
Event: 1244.864 Executing  VM operation: G1CollectForAllocation
Event: 1244.873 Executing  VM operation: G1CollectForAllocation done


Dynamic libraries:
0x00007ff77d270000 - 0x00007ff77d27e000 	C:\Users\Siva Reddy\Downloads\sts-4.12.0.RELEASE\plugins\org.eclipse.justj.openjdk.hotspot.jre.full.win32.x86_64_16.0.2.v20210721-1149\jre\bin\javaw.exe
0x00007ffe2e900000 - 0x00007ffe2eaf0000 	C:\Windows\SYSTEM32\ntdll.dll
0x00007ffe2d7d0000 - 0x00007ffe2d882000 	C:\Windows\System32\KERNEL32.DLL
0x00007ffe2ba70000 - 0x00007ffe2bd15000 	C:\Windows\System32\KERNELBASE.dll
0x00007ffe2bd20000 - 0x00007ffe2be1a000 	C:\Windows\System32\ucrtbase.dll
0x00007ffe0d040000 - 0x00007ffe0d058000 	C:\Users\Siva Reddy\Downloads\sts-4.12.0.RELEASE\plugins\org.eclipse.justj.openjdk.hotspot.jre.full.win32.x86_64_16.0.2.v20210721-1149\jre\bin\jli.dll
0x00007ffdfcb40000 - 0x00007ffdfcb59000 	C:\Users\Siva Reddy\Downloads\sts-4.12.0.RELEASE\plugins\org.eclipse.justj.openjdk.hotspot.jre.full.win32.x86_64_16.0.2.v20210721-1149\jre\bin\VCRUNTIME140.dll
0x00007ffe2d590000 - 0x00007ffe2d724000 	C:\Windows\System32\USER32.dll
0x00007ffe2c6e0000 - 0x00007ffe2c701000 	C:\Windows\System32\win32u.dll
0x00007ffe14b50000 - 0x00007ffe14dd4000 	C:\Windows\WinSxS\amd64_microsoft.windows.common-controls_6595b64144ccf1df_6.0.18362.1556_none_9e7e372fe45e41d5\COMCTL32.dll
0x00007ffe2d930000 - 0x00007ffe2d956000 	C:\Windows\System32\GDI32.dll
0x00007ffe2d890000 - 0x00007ffe2d92e000 	C:\Windows\System32\msvcrt.dll
0x00007ffe2b870000 - 0x00007ffe2ba08000 	C:\Windows\System32\gdi32full.dll
0x00007ffe2c780000 - 0x00007ffe2c81e000 	C:\Windows\System32\msvcp_win.dll
0x00007ffe2e340000 - 0x00007ffe2e676000 	C:\Windows\System32\combase.dll
0x00007ffe2ccd0000 - 0x00007ffe2cdef000 	C:\Windows\System32\RPCRT4.dll
0x00007ffe2be20000 - 0x00007ffe2bea1000 	C:\Windows\System32\bcryptPrimitives.dll
0x00007ffe2e890000 - 0x00007ffe2e8be000 	C:\Windows\System32\IMM32.DLL
0x00007ffe2b030000 - 0x00007ffe2b060000 	C:\Windows\system32\DriverStore\FileRepository\nvacwu.inf_amd64_bdd6ea477d4e2fba\nvinitx.dll
0x00007ffe2e160000 - 0x00007ffe2e203000 	C:\Windows\System32\ADVAPI32.dll
0x00007ffe2d730000 - 0x00007ffe2d7c7000 	C:\Windows\System32\sechost.dll
0x00007ffe2b020000 - 0x00007ffe2b02a000 	C:\Windows\SYSTEM32\VERSION.dll
0x00007ffe2d960000 - 0x00007ffe2e047000 	C:\Windows\System32\Shell32.dll
0x00007ffe2c710000 - 0x00007ffe2c75a000 	C:\Windows\System32\cfgmgr32.dll
0x00007ffe2e050000 - 0x00007ffe2e0f8000 	C:\Windows\System32\shcore.dll
0x00007ffe2bf60000 - 0x00007ffe2c6db000 	C:\Windows\System32\windows.storage.dll
0x00007ffe2b850000 - 0x00007ffe2b86e000 	C:\Windows\System32\profapi.dll
0x00007ffe2b7e0000 - 0x00007ffe2b82a000 	C:\Windows\System32\powrprof.dll
0x00007ffe2b7b0000 - 0x00007ffe2b7c0000 	C:\Windows\System32\UMPDC.dll
0x00007ffe2d4c0000 - 0x00007ffe2d512000 	C:\Windows\System32\shlwapi.dll
0x00007ffe2b830000 - 0x00007ffe2b841000 	C:\Windows\System32\kernel.appcore.dll
0x00007ffe2c760000 - 0x00007ffe2c777000 	C:\Windows\System32\cryptsp.dll
0x0000000067520000 - 0x0000000067526000 	C:\Program Files\NVIDIA Corporation\CoProcManager\_etoured.dll
0x00007ffe280b0000 - 0x00007ffe280eb000 	C:\Program Files\NVIDIA Corporation\CoProcManager\nvd3d9wrapx.dll
0x00007ffe2cee0000 - 0x00007ffe2d350000 	C:\Windows\System32\SETUPAPI.dll
0x00007ffe2c980000 - 0x00007ffe2c9a6000 	C:\Windows\System32\bcrypt.dll
0x00007ffe2a3b0000 - 0x00007ffe2a3d0000 	C:\Windows\SYSTEM32\dxcore.dll
0x00007ffe28080000 - 0x00007ffe280a4000 	C:\Program Files\NVIDIA Corporation\CoProcManager\nvdxgiwrapx.dll
0x00007ffe207c0000 - 0x00007ffe207cc000 	C:\Users\Siva Reddy\Downloads\sts-4.12.0.RELEASE\plugins\org.eclipse.justj.openjdk.hotspot.jre.full.win32.x86_64_16.0.2.v20210721-1149\jre\bin\vcruntime140_1.dll
0x00007ffde8850000 - 0x00007ffde88e1000 	C:\Users\Siva Reddy\Downloads\sts-4.12.0.RELEASE\plugins\org.eclipse.justj.openjdk.hotspot.jre.full.win32.x86_64_16.0.2.v20210721-1149\jre\bin\msvcp140.dll
0x00007ffde2540000 - 0x00007ffde30eb000 	C:\Users\Siva Reddy\Downloads\sts-4.12.0.RELEASE\plugins\org.eclipse.justj.openjdk.hotspot.jre.full.win32.x86_64_16.0.2.v20210721-1149\jre\bin\server\jvm.dll
0x00007ffe2ccb0000 - 0x00007ffe2ccb8000 	C:\Windows\System32\PSAPI.DLL
0x00007ffe28e20000 - 0x00007ffe28e44000 	C:\Windows\SYSTEM32\WINMM.dll
0x00007ffe03d90000 - 0x00007ffe03d99000 	C:\Windows\SYSTEM32\WSOCK32.dll
0x00007ffe2cdf0000 - 0x00007ffe2ce5f000 	C:\Windows\System32\WS2_32.dll
0x00007ffe28df0000 - 0x00007ffe28e1d000 	C:\Windows\SYSTEM32\winmmbase.dll
0x00007ffe03d80000 - 0x00007ffe03d8a000 	C:\Users\Siva Reddy\Downloads\sts-4.12.0.RELEASE\plugins\org.eclipse.justj.openjdk.hotspot.jre.full.win32.x86_64_16.0.2.v20210721-1149\jre\bin\jimage.dll
0x00007ffe1db20000 - 0x00007ffe1dd14000 	C:\Windows\SYSTEM32\DBGHELP.DLL
0x00007ffe1dac0000 - 0x00007ffe1daea000 	C:\Windows\SYSTEM32\dbgcore.DLL
0x00007ffdfcbb0000 - 0x00007ffdfcbd5000 	C:\Users\Siva Reddy\Downloads\sts-4.12.0.RELEASE\plugins\org.eclipse.justj.openjdk.hotspot.jre.full.win32.x86_64_16.0.2.v20210721-1149\jre\bin\java.dll
0x00007ffdfcb90000 - 0x00007ffdfcba8000 	C:\Users\Siva Reddy\Downloads\sts-4.12.0.RELEASE\plugins\org.eclipse.justj.openjdk.hotspot.jre.full.win32.x86_64_16.0.2.v20210721-1149\jre\bin\zip.dll
0x00007ffdfcb70000 - 0x00007ffdfcb89000 	C:\Users\Siva Reddy\Downloads\sts-4.12.0.RELEASE\plugins\org.eclipse.justj.openjdk.hotspot.jre.full.win32.x86_64_16.0.2.v20210721-1149\jre\bin\net.dll
0x00007ffe218f0000 - 0x00007ffe219ea000 	C:\Windows\SYSTEM32\WINHTTP.dll
0x00007ffe2afb0000 - 0x00007ffe2b017000 	C:\Windows\system32\mswsock.dll
0x00007ffdfca90000 - 0x00007ffdfcaa3000 	C:\Users\Siva Reddy\Downloads\sts-4.12.0.RELEASE\plugins\org.eclipse.justj.openjdk.hotspot.jre.full.win32.x86_64_16.0.2.v20210721-1149\jre\bin\nio.dll
0x00007ffdfcb60000 - 0x00007ffdfcb70000 	C:\Users\Siva Reddy\Downloads\sts-4.12.0.RELEASE\plugins\org.eclipse.justj.openjdk.hotspot.jre.full.win32.x86_64_16.0.2.v20210721-1149\jre\bin\verify.dll
0x00007ffe19960000 - 0x00007ffe19969000 	C:\Users\Siva Reddy\Downloads\sts-4.12.0.RELEASE\plugins\org.eclipse.justj.openjdk.hotspot.jre.full.win32.x86_64_16.0.2.v20210721-1149\jre\bin\management.dll
0x00007ffe0e5e0000 - 0x00007ffe0e5eb000 	C:\Users\Siva Reddy\Downloads\sts-4.12.0.RELEASE\plugins\org.eclipse.justj.openjdk.hotspot.jre.full.win32.x86_64_16.0.2.v20210721-1149\jre\bin\management_ext.dll
0x00007ffe174c0000 - 0x00007ffe174d6000 	C:\Windows\system32\napinsp.dll
0x00007ffe174a0000 - 0x00007ffe174ba000 	C:\Windows\system32\pnrpnsp.dll
0x00007ffe2ad00000 - 0x00007ffe2adcb000 	C:\Windows\SYSTEM32\DNSAPI.dll
0x00007ffe2d350000 - 0x00007ffe2d358000 	C:\Windows\System32\NSI.dll
0x00007ffe2acc0000 - 0x00007ffe2acfa000 	C:\Windows\SYSTEM32\IPHLPAPI.DLL
0x00007ffe17490000 - 0x00007ffe1749e000 	C:\Windows\System32\winrnr.dll
0x00007ffe27f20000 - 0x00007ffe27f3c000 	C:\Windows\system32\NLAapi.dll
0x00007ffe17470000 - 0x00007ffe17485000 	C:\Windows\system32\wshbth.dll
0x00007ffe220c0000 - 0x00007ffe220ca000 	C:\Windows\System32\rasadhlp.dll
0x00007ffe221e0000 - 0x00007ffe22257000 	C:\Windows\System32\fwpuclnt.dll
0x00007ffe2aad0000 - 0x00007ffe2ab03000 	C:\Windows\system32\rsaenh.dll
0x00007ffe2b6a0000 - 0x00007ffe2b6c5000 	C:\Windows\SYSTEM32\USERENV.dll
0x00007ffe2b1c0000 - 0x00007ffe2b1cc000 	C:\Windows\SYSTEM32\CRYPTBASE.dll
0x00007ffe222f0000 - 0x00007ffe22306000 	C:\Windows\SYSTEM32\dhcpcsvc6.DLL
0x00007ffe22660000 - 0x00007ffe2267c000 	C:\Windows\SYSTEM32\dhcpcsvc.DLL
0x00007ffe207e0000 - 0x00007ffe207ee000 	C:\Users\Siva Reddy\Downloads\sts-4.12.0.RELEASE\plugins\org.eclipse.justj.openjdk.hotspot.jre.full.win32.x86_64_16.0.2.v20210721-1149\jre\bin\sunmscapi.dll
0x00007ffe2c820000 - 0x00007ffe2c971000 	C:\Windows\System32\CRYPT32.dll
0x00007ffe2b7c0000 - 0x00007ffe2b7d2000 	C:\Windows\System32\MSASN1.dll
0x00007ffe2b2d0000 - 0x00007ffe2b2f6000 	C:\Windows\SYSTEM32\ncrypt.dll
0x00007ffe2b290000 - 0x00007ffe2b2cb000 	C:\Windows\SYSTEM32\NTASN1.dll
0x00007ffe28250000 - 0x00007ffe28257000 	C:\Windows\system32\wshunix.dll

dbghelp: loaded successfully - version: 4.0.5 - missing functions: none
symbol engine: initialized successfully - sym options: 0x614 - pdb path: .;C:\Users\Siva Reddy\Downloads\sts-4.12.0.RELEASE\plugins\org.eclipse.justj.openjdk.hotspot.jre.full.win32.x86_64_16.0.2.v20210721-1149\jre\bin;C:\Windows\SYSTEM32;C:\Windows\WinSxS\amd64_microsoft.windows.common-controls_6595b64144ccf1df_6.0.18362.1556_none_9e7e372fe45e41d5;C:\Windows\system32\DriverStore\FileRepository\nvacwu.inf_amd64_bdd6ea477d4e2fba;C:\Program Files\NVIDIA Corporation\CoProcManager;C:\Users\Siva Reddy\Downloads\sts-4.12.0.RELEASE\plugins\org.eclipse.justj.openjdk.hotspot.jre.full.win32.x86_64_16.0.2.v20210721-1149\jre\bin\server

VM Arguments:
jvm_args: -Dfile.encoding=UTF-8 -XX:+ShowCodeDetailsInExceptionMessages 
java_command: com.mkyong.StartBookApplication
java_class_path (initial): C:\Users\Siva Reddy\Documents\workspace-spring-tool-suite-4-4.12.0.RELEASE\spring-rest-hello-world2\target\classes;C:\Users\Siva Reddy\.m2\repository\org\springframework\boot\spring-boot-starter-web\2.1.2.RELEASE\spring-boot-starter-web-2.1.2.RELEASE.jar;C:\Users\Siva Reddy\.m2\repository\org\springframework\boot\spring-boot-starter\2.1.2.RELEASE\spring-boot-starter-2.1.2.RELEASE.jar;C:\Users\Siva Reddy\.m2\repository\org\springframework\boot\spring-boot-starter-logging\2.1.2.RELEASE\spring-boot-starter-logging-2.1.2.RELEASE.jar;C:\Users\Siva Reddy\.m2\repository\ch\qos\logback\logback-classic\1.2.3\logback-classic-1.2.3.jar;C:\Users\Siva Reddy\.m2\repository\ch\qos\logback\logback-core\1.2.3\logback-core-1.2.3.jar;C:\Users\Siva Reddy\.m2\repository\org\apache\logging\log4j\log4j-to-slf4j\2.11.1\log4j-to-slf4j-2.11.1.jar;C:\Users\Siva Reddy\.m2\repository\org\apache\logging\log4j\log4j-api\2.11.1\log4j-api-2.11.1.jar;C:\Users\Siva Reddy\.m2\repository\org\slf4j\jul-to-slf4j\1.7.25\jul-to-slf4j-1.7.25.jar;C:\Users\Siva Reddy\.m2\repository\javax\annotation\javax.annotation-api\1.3.2\javax.annotation-api-1.3.2.jar;C:\Users\Siva Reddy\.m2\repository\org\yaml\snakeyaml\1.23\snakeyaml-1.23.jar;C:\Users\Siva Reddy\.m2\repository\org\springframework\boot\spring-boot-starter-json\2.1.2.RELEASE\spring-boot-starter-json-2.1.2.RELEASE.jar;C:\Users\Siva Reddy\.m2\repository\com\fasterxml\jackson\core\jackson-databind\2.9.8\jackson-databind-2.9.8.jar;C:\Users\Siva Reddy\.m2\repository\com\fasterxml\jackson\core\jackson-annotations\2.9.0\jackson-annotations-2.9.0.jar;C:\Users\Siva Reddy\.m2\repository\com\fasterxml\jackson\core\jackson-core\2.9.8\jackson-core-2.9.8.jar;C:\Users\Siva Reddy\.m2\repository\com\fasterxml\jackson\datatype\jackson-datatype-jdk8\2.9.8\jackson-datatype-jdk8-2.9.8.jar;C:\Users\Siva Reddy\.m2\repository\com\fasterxml\jackson\datatype\jackson-datatype-jsr310\2.9.8\jackson-datatype-jsr310-2.9.8.jar;C:\Users\Siva Reddy\.m2\reposit
Launcher Type: SUN_STANDARD

[Global flags]
     intx CICompilerCount                          = 3                                         {product} {ergonomic}
     uint ConcGCThreads                            = 1                                         {product} {ergonomic}
     uint G1ConcRefinementThreads                  = 4                                         {product} {ergonomic}
   size_t G1HeapRegionSize                         = 1048576                                   {product} {ergonomic}
    uintx GCDrainStackTargetSize                   = 64                                        {product} {ergonomic}
   size_t InitialHeapSize                          = 132120576                                 {product} {ergonomic}
   size_t MarkStackSize                            = 4194304                                   {product} {ergonomic}
   size_t MaxHeapSize                              = 2105540608                                {product} {ergonomic}
   size_t MaxNewSize                               = 1262485504                                {product} {ergonomic}
   size_t MinHeapDeltaBytes                        = 1048576                                   {product} {ergonomic}
   size_t MinHeapSize                              = 8388608                                   {product} {ergonomic}
    uintx NonNMethodCodeHeapSize                   = 5832780                                {pd product} {ergonomic}
    uintx NonProfiledCodeHeapSize                  = 122912730                              {pd product} {ergonomic}
    uintx ProfiledCodeHeapSize                     = 122912730                              {pd product} {ergonomic}
    uintx ReservedCodeCacheSize                    = 251658240                              {pd product} {ergonomic}
     bool SegmentedCodeCache                       = true                                      {product} {ergonomic}
     bool ShowCodeDetailsInExceptionMessages       = true                                   {manageable} {command line}
   size_t SoftMaxHeapSize                          = 2105540608                             {manageable} {ergonomic}
     bool UseCompressedClassPointers               = true                           {product lp64_product} {ergonomic}
     bool UseCompressedOops                        = true                           {product lp64_product} {ergonomic}
     bool UseG1GC                                  = true                                      {product} {ergonomic}
     bool UseLargePagesIndividualAllocation        = false                                  {pd product} {ergonomic}

Logging:
Log output configuration:
 #0: stdout all=warning uptime,level,tags
 #1: stderr all=off uptime,level,tags

Environment Variables:
PATH=C:/Users/Siva Reddy/Downloads/sts-4.12.0.RELEASE//plugins/org.eclipse.justj.openjdk.hotspot.jre.full.win32.x86_64_16.0.2.v20210721-1149/jre/bin/server;C:/Users/Siva Reddy/Downloads/sts-4.12.0.RELEASE//plugins/org.eclipse.justj.openjdk.hotspot.jre.full.win32.x86_64_16.0.2.v20210721-1149/jre/bin;C:\Program Files (x86)\Common Files\Oracle\Java\javapath;C:\Windows\system32;C:\Windows;C:\Windows\System32\Wbem;C:\Windows\System32\WindowsPowerShell\v1.0\;C:\Windows\System32\OpenSSH\;C:\Program Files\Git\cmd;C:\Program Files\MySQL\MySQL Shell 8.0\bin\;C:\Users\Siva Reddy\AppData\Local\Microsoft\WindowsApps;;C:\Users\Siva Reddy\Downloads\sts-4.12.0.RELEASE;
USERNAME=Siva Reddy
OS=Windows_NT
PROCESSOR_IDENTIFIER=Intel64 Family 6 Model 42 Stepping 7, GenuineIntel



---------------  S Y S T E M  ---------------

OS:
 Windows 10 , 64 bit Build 18362 (10.0.18362.1500)
OS uptime: 0 days 2:38 hours

CPU: total 4 (initial active 4) (2 cores per cpu, 2 threads per core) family 6 model 42 stepping 7 microcode 0x2e, cx8, cmov, fxsr, ht, mmx, sse, sse2, sse3, ssse3, sse4.1, sse4.2, popcnt, tsc, tscinvbit, avx, clmul, vzeroupper, clflush

Memory: 4k page, system-wide physical 8028M (297M free)
TotalPageFile size 32604M (AvailPageFile size 0M)
current process WorkingSet (physical memory assigned to process): 219M, peak: 289M
current process commit charge ("private bytes"): 267M, peak: 314M

vm_info: OpenJDK 64-Bit Server VM (16.0.2+7-67) for windows-amd64 JRE (16.0.2+7-67), built on Jun  8 2021 23:21:43 by "mach5one" with MS VC++ 16.7 (VS2019)

END.
